<?xml version="1.0" encoding="UTF-8"?>
<!-- Generated by org.testng.reporters.JUnitXMLReporter -->
<testsuite ignored="0" hostname="DESKTOP-QGG7OKB" failures="0" tests="6" name="Default test" time="5.306" errors="0" timestamp="2020-06-07T20:32:10 CEST">
  <testcase classname="RestApi.gitapi.ApiTest" name="headerValidation" time="1.638"/>
  <testcase classname="RestApi.gitapi.ApiTest" name="invalidCode" time="0.348"/>
  <testcase classname="RestApi.gitapi.ApiTest" name="jasonValidation" time="0.209"/>
  <testcase classname="RestApi.gitapi.ApiTest" name="searchOrdered" time="1.284"/>
  <testcase classname="RestApi.gitapi.ApiTest" name="searchSorted" time="1.629"/>
  <testcase classname="RestApi.gitapi.ApiTest" name="searchUrl" time="0.136"/>
</testsuite> <!-- Default test -->
